This is pdfTeX, Version 3.141592653-2.6-1.40.24 (TeX Live 2022) (preloaded format=pdflatex 2022.9.26)  3 OCT 2022 10:38
entering extended mode
 restricted \write18 enabled.
 %&-line parsing enabled.
**Statistical-Analysis--Prediction-of-Trail-Use-in-Bridger-Mountains.tex
(./Statistical-Analysis--Prediction-of-Trail-Use-in-Bridger-Mountains.tex
LaTeX2e <2022-06-01> patch level 5
L3 programming layer <2022-08-30> (/Users/mlbartley/Library/TinyTeX/texmf-dist/tex/latex/base/book.cls
Document Class: book 2021/10/04 v1.4n Standard LaTeX document class
(/Users/mlbartley/Library/TinyTeX/texmf-dist/tex/latex/base/bk10.clo
File: bk10.clo 2021/10/04 v1.4n Standard LaTeX file (size option)
)
\c@part=\count185
\c@chapter=\count186
\c@section=\count187
\c@subsection=\count188
\c@subsubsection=\count189
\c@paragraph=\count190
\c@subparagraph=\count191
\c@figure=\count192
\c@table=\count193
\abovecaptionskip=\skip47
\belowcaptionskip=\skip48
\bibindent=\dimen138
) (/Users/mlbartley/Library/TinyTeX/texmf-dist/tex/latex/amsmath/amsmath.sty
Package: amsmath 2022/04/08 v2.17n AMS math features
\@mathmargin=\skip49
For additional information on amsmath, use the `?' option.
(/Users/mlbartley/Library/TinyTeX/texmf-dist/tex/latex/amsmath/amstext.sty
Package: amstext 2021/08/26 v2.01 AMS text
(/Users/mlbartley/Library/TinyTeX/texmf-dist/tex/latex/amsmath/amsgen.sty
File: amsgen.sty 1999/11/30 v2.0 generic functions
\@emptytoks=\toks16
\ex@=\dimen139
)) (/Users/mlbartley/Library/TinyTeX/texmf-dist/tex/latex/amsmath/amsbsy.sty
Package: amsbsy 1999/11/29 v1.2d Bold Symbols
\pmbraise@=\dimen140
) (/Users/mlbartley/Library/TinyTeX/texmf-dist/tex/latex/amsmath/amsopn.sty
Package: amsopn 2022/04/08 v2.04 operator names
)
\inf@bad=\count194
LaTeX Info: Redefining \frac on input line 234.
\uproot@=\count195
\leftroot@=\count196
LaTeX Info: Redefining \overline on input line 399.
LaTeX Info: Redefining \colon on input line 410.
\classnum@=\count197
\DOTSCASE@=\count198
LaTeX Info: Redefining \ldots on input line 496.
LaTeX Info: Redefining \dots on input line 499.
LaTeX Info: Redefining \cdots on input line 620.
\Mathstrutbox@=\box51
\strutbox@=\box52
LaTeX Info: Redefining \big on input line 722.
LaTeX Info: Redefining \Big on input line 723.
LaTeX Info: Redefining \bigg on input line 724.
LaTeX Info: Redefining \Bigg on input line 725.
\big@size=\dimen141
LaTeX Font Info:    Redeclaring font encoding OML on input line 743.
LaTeX Font Info:    Redeclaring font encoding OMS on input line 744.
\macc@depth=\count199
LaTeX Info: Redefining \bmod on input line 905.
LaTeX Info: Redefining \pmod on input line 910.
LaTeX Info: Redefining \smash on input line 940.
LaTeX Info: Redefining \relbar on input line 970.
LaTeX Info: Redefining \Relbar on input line 971.
\c@MaxMatrixCols=\count266
\dotsspace@=\muskip16
\c@parentequation=\count267
\dspbrk@lvl=\count268
\tag@help=\toks17
\row@=\count269
\column@=\count270
\maxfields@=\count271
\andhelp@=\toks18
\eqnshift@=\dimen142
\alignsep@=\dimen143
\tagshift@=\dimen144
\tagwidth@=\dimen145
\totwidth@=\dimen146
\lineht@=\dimen147
\@envbody=\toks19
\multlinegap=\skip50
\multlinetaggap=\skip51
\mathdisplay@stack=\toks20
LaTeX Info: Redefining \[ on input line 2953.
LaTeX Info: Redefining \] on input line 2954.
) (/Users/mlbartley/Library/TinyTeX/texmf-dist/tex/latex/amsfonts/amssymb.sty
Package: amssymb 2013/01/14 v3.01 AMS font symbols
(/Users/mlbartley/Library/TinyTeX/texmf-dist/tex/latex/amsfonts/amsfonts.sty
Package: amsfonts 2013/01/14 v3.01 Basic AMSFonts support
\symAMSa=\mathgroup4
\symAMSb=\mathgroup5
LaTeX Font Info:    Redeclaring math symbol \hbar on input line 98.
LaTeX Font Info:    Overwriting math alphabet `\mathfrak' in version `bold'
(Font)                  U/euf/m/n --> U/euf/b/n on input line 106.
)) (/Users/mlbartley/Library/TinyTeX/texmf-dist/tex/latex/lm/lmodern.sty
Package: lmodern 2015/05/01 v1.6.1 Latin Modern Fonts
LaTeX Font Info:    Overwriting symbol font `operators' in version `normal'
(Font)                  OT1/cmr/m/n --> OT1/lmr/m/n on input line 22.
LaTeX Font Info:    Overwriting symbol font `letters' in version `normal'
(Font)                  OML/cmm/m/it --> OML/lmm/m/it on input line 23.
LaTeX Font Info:    Overwriting symbol font `symbols' in version `normal'
(Font)                  OMS/cmsy/m/n --> OMS/lmsy/m/n on input line 24.
LaTeX Font Info:    Overwriting symbol font `largesymbols' in version `normal'
(Font)                  OMX/cmex/m/n --> OMX/lmex/m/n on input line 25.
LaTeX Font Info:    Overwriting symbol font `operators' in version `bold'
(Font)                  OT1/cmr/bx/n --> OT1/lmr/bx/n on input line 26.
LaTeX Font Info:    Overwriting symbol font `letters' in version `bold'
(Font)                  OML/cmm/b/it --> OML/lmm/b/it on input line 27.
LaTeX Font Info:    Overwriting symbol font `symbols' in version `bold'
(Font)                  OMS/cmsy/b/n --> OMS/lmsy/b/n on input line 28.
LaTeX Font Info:    Overwriting symbol font `largesymbols' in version `bold'
(Font)                  OMX/cmex/m/n --> OMX/lmex/m/n on input line 29.
LaTeX Font Info:    Overwriting math alphabet `\mathbf' in version `normal'
(Font)                  OT1/cmr/bx/n --> OT1/lmr/bx/n on input line 31.
LaTeX Font Info:    Overwriting math alphabet `\mathsf' in version `normal'
(Font)                  OT1/cmss/m/n --> OT1/lmss/m/n on input line 32.
LaTeX Font Info:    Overwriting math alphabet `\mathit' in version `normal'
(Font)                  OT1/cmr/m/it --> OT1/lmr/m/it on input line 33.
LaTeX Font Info:    Overwriting math alphabet `\mathtt' in version `normal'
(Font)                  OT1/cmtt/m/n --> OT1/lmtt/m/n on input line 34.
LaTeX Font Info:    Overwriting math alphabet `\mathbf' in version `bold'
(Font)                  OT1/cmr/bx/n --> OT1/lmr/bx/n on input line 35.
LaTeX Font Info:    Overwriting math alphabet `\mathsf' in version `bold'
(Font)                  OT1/cmss/bx/n --> OT1/lmss/bx/n on input line 36.
LaTeX Font Info:    Overwriting math alphabet `\mathit' in version `bold'
(Font)                  OT1/cmr/bx/it --> OT1/lmr/bx/it on input line 37.
LaTeX Font Info:    Overwriting math alphabet `\mathtt' in version `bold'
(Font)                  OT1/cmtt/m/n --> OT1/lmtt/m/n on input line 38.
) (/Users/mlbartley/Library/TinyTeX/texmf-dist/tex/generic/iftex/iftex.sty
Package: iftex 2022/02/03 v1.0f TeX engine tests
) (/Users/mlbartley/Library/TinyTeX/texmf-dist/tex/latex/base/fontenc.sty
Package: fontenc 2021/04/29 v2.0v Standard LaTeX package
LaTeX Font Info:    Trying to load font information for T1+lmr on input line 112.
(/Users/mlbartley/Library/TinyTeX/texmf-dist/tex/latex/lm/t1lmr.fd
File: t1lmr.fd 2015/05/01 v1.6.1 Font defs for Latin Modern
)) (/Users/mlbartley/Library/TinyTeX/texmf-dist/tex/latex/base/inputenc.sty
Package: inputenc 2021/02/14 v1.3d Input encoding file
\inpenc@prehook=\toks21
\inpenc@posthook=\toks22
) (/Users/mlbartley/Library/TinyTeX/texmf-dist/tex/latex/base/textcomp.sty
Package: textcomp 2020/02/02 v2.0n Standard LaTeX package
) (/Users/mlbartley/Library/TinyTeX/texmf-dist/tex/latex/xcolor/xcolor.sty
Package: xcolor 2022/06/12 v2.14 LaTeX color extensions (UK)
(/Users/mlbartley/Library/TinyTeX/texmf-dist/tex/latex/graphics-cfg/color.cfg
File: color.cfg 2016/01/02 v1.6 sample color configuration
)
Package xcolor Info: Driver file: pdftex.def on input line 227.
(/Users/mlbartley/Library/TinyTeX/texmf-dist/tex/latex/graphics-def/pdftex.def
File: pdftex.def 2022/09/22 v1.2b Graphics/color driver for pdftex
\stockwidth=\dimen148
\stockheight=\dimen149
) (/Users/mlbartley/Library/TinyTeX/texmf-dist/tex/latex/graphics/mathcolor.ltx)
Package xcolor Info: Model `cmy' substituted by `cmy0' on input line 1353.
Package xcolor Info: Model `hsb' substituted by `rgb' on input line 1357.
Package xcolor Info: Model `RGB' extended on input line 1369.
Package xcolor Info: Model `HTML' substituted by `rgb' on input line 1371.
Package xcolor Info: Model `Hsb' substituted by `hsb' on input line 1372.
Package xcolor Info: Model `tHsb' substituted by `hsb' on input line 1373.
Package xcolor Info: Model `HSB' substituted by `hsb' on input line 1374.
Package xcolor Info: Model `Gray' substituted by `gray' on input line 1375.
Package xcolor Info: Model `wave' substituted by `hsb' on input line 1376.
) (/Users/mlbartley/Library/TinyTeX/texmf-dist/tex/latex/geometry/geometry.sty
Package: geometry 2020/01/02 v5.9 Page Geometry
(/Users/mlbartley/Library/TinyTeX/texmf-dist/tex/latex/graphics/keyval.sty
Package: keyval 2022/05/29 v1.15 key=value parser (DPC)
\KV@toks@=\toks23
) (/Users/mlbartley/Library/TinyTeX/texmf-dist/tex/generic/iftex/ifvtex.sty
Package: ifvtex 2019/10/25 v1.7 ifvtex legacy package. Use iftex instead.
)
\Gm@cnth=\count272
\Gm@cntv=\count273
\c@Gm@tempcnt=\count274
\Gm@bindingoffset=\dimen150
\Gm@wd@mp=\dimen151
\Gm@odd@mp=\dimen152
\Gm@even@mp=\dimen153
\Gm@layoutwidth=\dimen154
\Gm@layoutheight=\dimen155
\Gm@layouthoffset=\dimen156
\Gm@layoutvoffset=\dimen157
\Gm@dimlist=\toks24
) (/Users/mlbartley/Library/TinyTeX/texmf-dist/tex/latex/fancyvrb/fancyvrb.sty
Package: fancyvrb 2022/06/06 4.5 verbatim text (tvz,hv)
\FV@CodeLineNo=\count275
\FV@InFile=\read2
\FV@TabBox=\box53
\c@FancyVerbLine=\count276
\FV@StepNumber=\count277
\FV@OutFile=\write3
) (/Users/mlbartley/Library/TinyTeX/texmf-dist/tex/latex/framed/framed.sty
Package: framed 2011/10/22 v 0.96: framed or shaded text with page breaks
\OuterFrameSep=\skip52
\fb@frw=\dimen158
\fb@frh=\dimen159
\FrameRule=\dimen160
\FrameSep=\dimen161
) (/Users/mlbartley/Library/TinyTeX/texmf-dist/tex/latex/tools/longtable.sty
Package: longtable 2021-09-01 v4.17 Multi-page Table package (DPC)
\LTleft=\skip53
\LTright=\skip54
\LTpre=\skip55
\LTpost=\skip56
\LTchunksize=\count278
\LTcapwidth=\dimen162
\LT@head=\box54
\LT@firsthead=\box55
\LT@foot=\box56
\LT@lastfoot=\box57
\LT@gbox=\box58
\LT@cols=\count279
\LT@rows=\count280
\c@LT@tables=\count281
\c@LT@chunks=\count282
\LT@p@ftn=\toks25
) (/Users/mlbartley/Library/TinyTeX/texmf-dist/tex/latex/booktabs/booktabs.sty
Package: booktabs 2020/01/12 v1.61803398 Publication quality tables
\heavyrulewidth=\dimen163
\lightrulewidth=\dimen164
\cmidrulewidth=\dimen165
\belowrulesep=\dimen166
\belowbottomsep=\dimen167
\aboverulesep=\dimen168
\abovetopsep=\dimen169
\cmidrulesep=\dimen170
\cmidrulekern=\dimen171
\defaultaddspace=\dimen172
\@cmidla=\count283
\@cmidlb=\count284
\@aboverulesep=\dimen173
\@belowrulesep=\dimen174
\@thisruleclass=\count285
\@lastruleclass=\count286
\@thisrulewidth=\dimen175
) (/Users/mlbartley/Library/TinyTeX/texmf-dist/tex/latex/tools/array.sty
Package: array 2022/03/10 v2.5f Tabular extension package (FMi)
\col@sep=\dimen176
\ar@mcellbox=\box59
\extrarowheight=\dimen177
\NC@list=\toks26
\extratabsurround=\skip57
\backup@length=\skip58
\ar@cellbox=\box60
) (/Users/mlbartley/Library/TinyTeX/texmf-dist/tex/latex/tools/calc.sty
Package: calc 2017/05/25 v4.3 Infix arithmetic (KKT,FJ)
\calc@Acount=\count287
\calc@Bcount=\count288
\calc@Adimen=\dimen178
\calc@Bdimen=\dimen179
\calc@Askip=\skip59
\calc@Bskip=\skip60
LaTeX Info: Redefining \setlength on input line 80.
LaTeX Info: Redefining \addtolength on input line 81.
\calc@Ccount=\count289
\calc@Cskip=\skip61
) (/Users/mlbartley/Library/TinyTeX/texmf-dist/tex/latex/etoolbox/etoolbox.sty
Package: etoolbox 2020/10/05 v2.5k e-TeX tools for LaTeX (JAW)
\etb@tempcnta=\count290
) (/Users/mlbartley/Library/TinyTeX/texmf-dist/tex/latex/mdwtools/footnote.sty
Package: footnote 1997/01/28 1.13 Save footnotes around boxes
\fn@notes=\box61
\fn@width=\dimen180
) (/Users/mlbartley/Library/TinyTeX/texmf-dist/tex/latex/graphics/graphicx.sty
Package: graphicx 2021/09/16 v1.2d Enhanced LaTeX Graphics (DPC,SPQR)
(/Users/mlbartley/Library/TinyTeX/texmf-dist/tex/latex/graphics/graphics.sty
Package: graphics 2022/03/10 v1.4e Standard LaTeX Graphics (DPC,SPQR)
(/Users/mlbartley/Library/TinyTeX/texmf-dist/tex/latex/graphics/trig.sty
Package: trig 2021/08/11 v1.11 sin cos tan (DPC)
) (/Users/mlbartley/Library/TinyTeX/texmf-dist/tex/latex/graphics-cfg/graphics.cfg
File: graphics.cfg 2016/06/04 v1.11 sample graphics configuration
)
Package graphics Info: Driver file: pdftex.def on input line 107.
)
\Gin@req@height=\dimen181
\Gin@req@width=\dimen182
) (/Users/mlbartley/Library/TinyTeX/texmf-dist/tex/latex/subfig/subfig.sty
Package: subfig 2005/06/28 ver: 1.3 subfig package
(/Users/mlbartley/Library/TinyTeX/texmf-dist/tex/latex/caption/caption.sty
Package: caption 2022/03/01 v3.6b Customizing captions (AR)
(/Users/mlbartley/Library/TinyTeX/texmf-dist/tex/latex/caption/caption3.sty
Package: caption3 2022/03/17 v2.3b caption3 kernel (AR)
\caption@tempdima=\dimen183
\captionmargin=\dimen184
\caption@leftmargin=\dimen185
\caption@rightmargin=\dimen186
\caption@width=\dimen187
\caption@indent=\dimen188
\caption@parindent=\dimen189
\caption@hangindent=\dimen190
Package caption Info: Standard document class detected.
)
\c@caption@flags=\count291
\c@continuedfloat=\count292
Package caption Info: longtable package is loaded.
(/Users/mlbartley/Library/TinyTeX/texmf-dist/tex/latex/caption/ltcaption.sty
Package: ltcaption 2021/01/08 v1.4c longtable captions (AR)
))
\c@KVtest=\count293
\sf@farskip=\skip62
\sf@captopadj=\dimen191
\sf@capskip=\skip63
\sf@nearskip=\skip64
\c@subfigure=\count294
\c@subfigure@save=\count295
\c@lofdepth=\count296
\c@subtable=\count297
\c@subtable@save=\count298
\c@lotdepth=\count299
\sf@top=\skip65
\sf@bottom=\skip66
) (/Users/mlbartley/Library/TinyTeX/texmf-dist/tex/latex/tools/bm.sty
Package: bm 2022/01/05 v1.2f Bold Symbol Support (DPC/FMi)
\symboldoperators=\mathgroup6
\symboldletters=\mathgroup7
\symboldsymbols=\mathgroup8
Package bm Info: No bold for \OMX/lmex/m/n, using \pmb.
Package bm Info: No bold for \U/msa/m/n, using \pmb.
Package bm Info: No bold for \U/msb/m/n, using \pmb.
LaTeX Font Info:    Redeclaring math alphabet \mathbf on input line 149.
) (/Users/mlbartley/Library/TinyTeX/texmf-dist/tex/latex/tabu/tabu.sty
Package: tabu 2019/01/11 v2.9 - flexible LaTeX tabulars (FC+tabu-fixed)
(/Users/mlbartley/Library/TinyTeX/texmf-dist/tex/latex/varwidth/varwidth.sty
Package: varwidth 2009/03/30 ver 0.92;  Variable-width minipages
\@vwid@box=\box62
\sift@deathcycles=\count300
\@vwid@loff=\dimen192
\@vwid@roff=\dimen193
)
\c@taburow=\count301
\tabu@nbcols=\count302
\tabu@cnt=\count303
\tabu@Xcol=\count304
\tabu@alloc=\count305
\tabu@nested=\count306
\tabu@target=\dimen194
\tabu@spreadtarget=\dimen195
\tabu@naturalX=\dimen196
\tabucolX=\dimen197
\tabu@Xsum=\dimen198
\extrarowdepth=\dimen199
\abovetabulinesep=\dimen256
\belowtabulinesep=\dimen257
\tabustrutrule=\dimen258
\tabu@thebody=\toks27
\tabu@footnotes=\toks28
\tabu@box=\box63
\tabu@arstrutbox=\box64
\tabu@hleads=\box65
\tabu@vleads=\box66
\tabu@cellskip=\skip67
) (/Users/mlbartley/Library/TinyTeX/texmf-dist/tex/latex/floatrow/floatrow.sty
Package: floatrow 2008/08/02 v0.3b floatrow: float package extension
\c@float@type=\count307
\float@exts=\toks29
\float@box=\box67
\@floatcapt=\box68
Package floatrow Info: Modified float package code loaded on input line 455.
Package floatrow Info: Modified rotfloat package code loaded on input line 473.
\FR@everyfloat=\toks30
\flrow@foot=\insert252
\FB@wd=\dimen259
\FBo@wd=\dimen260
\FBc@wd=\dimen261
\FBo@ht=\skip68
\FBc@ht=\skip69
\FBf@ht=\skip70
\FBo@max=\skip71
\FBc@max=\skip72
\FBf@max=\skip73
\c@FBl@b=\count308
\floatbox@depth=\count309
\c@FRobj=\count310
\c@FRsobj=\count311
\Xhsize=\skip74
\sXhsize=\skip75
\Zhsize=\skip76
\sZhsize=\skip77
\flrow@rowbox=\box69
\FR@Zunitlength=\dimen262
\c@FBcnt=\count312
\FPOScnt=\count313
\LTleft=\skip78
\LTright=\skip79
\LTleft=\skip80
\LTright=\skip81
\flrow@types=\toks31
) (/Users/mlbartley/Library/TinyTeX/texmf-dist/tex/latex/lineno/lineno.sty
Package: lineno 2005/11/02 line numbers on paragraphs v4.41
\linenopenalty=\count314
\output=\toks32
\linenoprevgraf=\count315
\linenumbersep=\dimen263
\linenumberwidth=\dimen264
\c@linenumber=\count316
\c@pagewiselinenumber=\count317
\c@LN@truepage=\count318
\c@internallinenumber=\count319
\c@internallinenumbers=\count320
\quotelinenumbersep=\dimen265
\bframerule=\dimen266
\bframesep=\dimen267
\bframebox=\box70
LaTeX Info: Redefining \\ on input line 3056.
) (/Users/mlbartley/Library/TinyTeX/texmf-dist/tex/latex/pdflscape/pdflscape.sty
Package: pdflscape 2019/12/05 v0.12 Display of landscape pages in PDF (HO)
(/Users/mlbartley/Library/TinyTeX/texmf-dist/tex/latex/graphics/lscape.sty
Package: lscape 2020/05/28 v3.02 Landscape Pages (DPC)
)
Package pdflscape Info: Auto-detected driver: pdftex on input line 81.
) (/Users/mlbartley/Library/TinyTeX/texmf-dist/tex/latex/natbib/natbib.sty
Package: natbib 2010/09/13 8.31b (PWD, AO)
\bibhang=\skip82
\bibsep=\skip83
LaTeX Info: Redefining \cite on input line 694.
\c@NAT@ctr=\count321
) (/Users/mlbartley/Library/TinyTeX/texmf-dist/tex/latex/hyperref/hyperref.sty
Package: hyperref 2022-09-22 v7.00t Hypertext links for LaTeX
(/Users/mlbartley/Library/TinyTeX/texmf-dist/tex/generic/ltxcmds/ltxcmds.sty
Package: ltxcmds 2020-05-10 v1.25 LaTeX kernel commands for general use (HO)
) (/Users/mlbartley/Library/TinyTeX/texmf-dist/tex/generic/pdftexcmds/pdftexcmds.sty
Package: pdftexcmds 2020-06-27 v0.33 Utility functions of pdfTeX for LuaTeX (HO)
(/Users/mlbartley/Library/TinyTeX/texmf-dist/tex/generic/infwarerr/infwarerr.sty
Package: infwarerr 2019/12/03 v1.5 Providing info/warning/error messages (HO)
)
Package pdftexcmds Info: \pdf@primitive is available.
Package pdftexcmds Info: \pdf@ifprimitive is available.
Package pdftexcmds Info: \pdfdraftmode found.
) (/Users/mlbartley/Library/TinyTeX/texmf-dist/tex/generic/kvsetkeys/kvsetkeys.sty
Package: kvsetkeys 2019/12/15 v1.18 Key value parser (HO)
) (/Users/mlbartley/Library/TinyTeX/texmf-dist/tex/generic/kvdefinekeys/kvdefinekeys.sty
Package: kvdefinekeys 2019-12-19 v1.6 Define keys (HO)
) (/Users/mlbartley/Library/TinyTeX/texmf-dist/tex/generic/pdfescape/pdfescape.sty
Package: pdfescape 2019/12/09 v1.15 Implements pdfTeX's escape features (HO)
) (/Users/mlbartley/Library/TinyTeX/texmf-dist/tex/latex/hycolor/hycolor.sty
Package: hycolor 2020-01-27 v1.10 Color options for hyperref/bookmark (HO)
) (/Users/mlbartley/Library/TinyTeX/texmf-dist/tex/latex/letltxmacro/letltxmacro.sty
Package: letltxmacro 2019/12/03 v1.6 Let assignment for LaTeX macros (HO)
) (/Users/mlbartley/Library/TinyTeX/texmf-dist/tex/latex/auxhook/auxhook.sty
Package: auxhook 2019-12-17 v1.6 Hooks for auxiliary files (HO)
) (/Users/mlbartley/Library/TinyTeX/texmf-dist/tex/latex/hyperref/nameref.sty
Package: nameref 2022-05-17 v2.50 Cross-referencing by name of section
(/Users/mlbartley/Library/TinyTeX/texmf-dist/tex/latex/refcount/refcount.sty
Package: refcount 2019/12/15 v3.6 Data extraction from label references (HO)
) (/Users/mlbartley/Library/TinyTeX/texmf-dist/tex/generic/gettitlestring/gettitlestring.sty
Package: gettitlestring 2019/12/15 v1.6 Cleanup title references (HO)
(/Users/mlbartley/Library/TinyTeX/texmf-dist/tex/latex/kvoptions/kvoptions.sty
Package: kvoptions 2022-06-15 v3.15 Key value format for package options (HO)
))
\c@section@level=\count322
)
\@linkdim=\dimen268
\Hy@linkcounter=\count323
\Hy@pagecounter=\count324
(/Users/mlbartley/Library/TinyTeX/texmf-dist/tex/latex/hyperref/pd1enc.def
File: pd1enc.def 2022-09-22 v7.00t Hyperref: PDFDocEncoding definition (HO)
Now handling font encoding PD1 ...
... no UTF-8 mapping file for font encoding PD1
) (/Users/mlbartley/Library/TinyTeX/texmf-dist/tex/generic/intcalc/intcalc.sty
Package: intcalc 2019/12/15 v1.3 Expandable calculations with integers (HO)
) (/Users/mlbartley/Library/TinyTeX/texmf-dist/tex/generic/etexcmds/etexcmds.sty
Package: etexcmds 2019/12/15 v1.7 Avoid name clashes with e-TeX commands (HO)
)
\Hy@SavedSpaceFactor=\count325
(/Users/mlbartley/Library/TinyTeX/texmf-dist/tex/latex/hyperref/puenc.def
File: puenc.def 2022-09-22 v7.00t Hyperref: PDF Unicode definition (HO)
Now handling font encoding PU ...
... no UTF-8 mapping file for font encoding PU
)
Package hyperref Info: Option `unicode' set `true' on input line 4045.
Package hyperref Info: Hyper figures OFF on input line 4162.
Package hyperref Info: Link nesting OFF on input line 4167.
Package hyperref Info: Hyper index ON on input line 4170.
Package hyperref Info: Plain pages OFF on input line 4177.
Package hyperref Info: Backreferencing OFF on input line 4182.
Package hyperref Info: Implicit mode ON; LaTeX internals redefined.
Package hyperref Info: Bookmarks ON on input line 4410.
\c@Hy@tempcnt=\count326
(/Users/mlbartley/Library/TinyTeX/texmf-dist/tex/latex/url/url.sty
\Urlmuskip=\muskip17
Package: url 2013/09/16  ver 3.4  Verb mode for urls, etc.
)
LaTeX Info: Redefining \url on input line 4748.
\XeTeXLinkMargin=\dimen269
(/Users/mlbartley/Library/TinyTeX/texmf-dist/tex/generic/bitset/bitset.sty
Package: bitset 2019/12/09 v1.3 Handle bit-vector datatype (HO)
(/Users/mlbartley/Library/TinyTeX/texmf-dist/tex/generic/bigintcalc/bigintcalc.sty
Package: bigintcalc 2019/12/15 v1.5 Expandable calculations on big integers (HO)
))
\Fld@menulength=\count327
\Field@Width=\dimen270
\Fld@charsize=\dimen271
Package hyperref Info: Hyper figures OFF on input line 6027.
Package hyperref Info: Link nesting OFF on input line 6032.
Package hyperref Info: Hyper index ON on input line 6035.
Package hyperref Info: backreferencing OFF on input line 6042.
Package hyperref Info: Link coloring OFF on input line 6047.
Package hyperref Info: Link coloring with OCG OFF on input line 6052.
Package hyperref Info: PDF/A mode OFF on input line 6057.
(/Users/mlbartley/Library/TinyTeX/texmf-dist/tex/latex/base/atbegshi-ltx.sty
Package: atbegshi-ltx 2021/01/10 v1.0c Emulation of the original atbegshi
package with kernel methods
)
\Hy@abspage=\count328
\c@Item=\count329
\c@Hfootnote=\count330
)
Package hyperref Info: Driver (autodetected): hpdftex.
(/Users/mlbartley/Library/TinyTeX/texmf-dist/tex/latex/hyperref/hpdftex.def
File: hpdftex.def 2022-09-22 v7.00t Hyperref driver for pdfTeX
(/Users/mlbartley/Library/TinyTeX/texmf-dist/tex/latex/base/atveryend-ltx.sty
Package: atveryend-ltx 2020/08/19 v1.0a Emulation of the original atveryend package
with kernel methods
)
\Fld@listcount=\count331
\c@bookmark@seq@number=\count332
(/Users/mlbartley/Library/TinyTeX/texmf-dist/tex/latex/rerunfilecheck/rerunfilecheck.sty
Package: rerunfilecheck 2022-07-10 v1.10 Rerun checks for auxiliary files (HO)
(/Users/mlbartley/Library/TinyTeX/texmf-dist/tex/generic/uniquecounter/uniquecounter.sty
Package: uniquecounter 2019/12/15 v1.4 Provide unlimited unique counter (HO)
)
Package uniquecounter Info: New unique counter `rerunfilecheck' on input line 285.
)
\Hy@SectionHShift=\skip84
) (/Users/mlbartley/Library/TinyTeX/texmf-dist/tex/latex/l3backend/l3backend-pdftex.def
File: l3backend-pdftex.def 2022-08-30 L3 backend support: PDF output (pdfTeX)
\l__color_backend_stack_int=\count333
\l__pdf_internal_box=\box71
) (./Statistical-Analysis--Prediction-of-Trail-Use-in-Bridger-Mountains.aux)
\openout1 = `Statistical-Analysis--Prediction-of-Trail-Use-in-Bridger-Mountains.aux'.

LaTeX Font Info:    Checking defaults for OML/cmm/m/it on input line 137.
LaTeX Font Info:    ... okay on input line 137.
LaTeX Font Info:    Checking defaults for OMS/cmsy/m/n on input line 137.
LaTeX Font Info:    ... okay on input line 137.
LaTeX Font Info:    Checking defaults for OT1/cmr/m/n on input line 137.
LaTeX Font Info:    ... okay on input line 137.
LaTeX Font Info:    Checking defaults for T1/cmr/m/n on input line 137.
LaTeX Font Info:    ... okay on input line 137.
LaTeX Font Info:    Checking defaults for TS1/cmr/m/n on input line 137.
LaTeX Font Info:    ... okay on input line 137.
LaTeX Font Info:    Checking defaults for OMX/cmex/m/n on input line 137.
LaTeX Font Info:    ... okay on input line 137.
LaTeX Font Info:    Checking defaults for U/cmr/m/n on input line 137.
LaTeX Font Info:    ... okay on input line 137.
LaTeX Font Info:    Checking defaults for PD1/pdf/m/n on input line 137.
LaTeX Font Info:    ... okay on input line 137.
LaTeX Font Info:    Checking defaults for PU/pdf/m/n on input line 137.
LaTeX Font Info:    ... okay on input line 137.
(/Users/mlbartley/Library/TinyTeX/texmf-dist/tex/latex/epstopdf-pkg/epstopdf-base.sty
Package: epstopdf-base 2020-01-24 v2.11 Base part for package epstopdf
Package epstopdf-base Info: Redefining graphics rule for `.eps' on input line 485.
(/Users/mlbartley/Library/TinyTeX/texmf-dist/tex/latex/latexconfig/epstopdf-sys.cfg
File: epstopdf-sys.cfg 2010/07/13 v1.3 Configuration of (r)epstopdf for TeX Live
))
*geometry* driver: auto-detecting
*geometry* detected driver: pdftex
*geometry* verbose mode - [ preamble ] result:
* driver: pdftex
* paper: <default>
* layout: <same size as paper>
* layoutoffset:(h,v)=(0.0pt,0.0pt)
* modes: twoside 
* h-part:(L,W,R)=(71.13188pt, 472.03123pt, 71.13188pt)
* v-part:(T,H,B)=(71.13188pt, 652.70622pt, 71.13188pt)
* \paperwidth=614.295pt
* \paperheight=794.96999pt
* \textwidth=472.03123pt
* \textheight=652.70622pt
* \oddsidemargin=-1.1381pt
* \evensidemargin=-1.1381pt
* \topmargin=-31.2056pt
* \headheight=12.0pt
* \headsep=18.06749pt
* \topskip=10.0pt
* \footskip=25.29494pt
* \marginparwidth=125.0pt
* \marginparsep=7.0pt
* \columnsep=10.0pt
* \skip\footins=9.0pt plus 4.0pt minus 2.0pt
* \hoffset=0.0pt
* \voffset=0.0pt
* \mag=1000
* \@twocolumnfalse
* \@twosidetrue
* \@mparswitchtrue
* \@reversemarginfalse
* (1in=72.27pt=25.4mm, 1cm=28.453pt)

Package caption Info: Begin \AtBeginDocument code.
Package caption Info: subfig package v1.3 is loaded.
Package caption Info: float package is loaded.
Package caption Info: floatrow package is loaded.
Package caption Info: hyperref package is loaded.
Package caption Info: Fixing longtable code of `floatrow' package.
Package caption Info: End \AtBeginDocument code.
(/Users/mlbartley/Library/TinyTeX/texmf-dist/tex/latex/floatrow/fr-subfig.sty
Package: fr-subfig 2007/12/24 v0.1g (beta) floatrow: additions for subfig
\FBsc@max=\skip85
\FBso@max=\skip86
) (/Users/mlbartley/Library/TinyTeX/texmf-dist/tex/latex/floatrow/fr-longtable.sty
Package: fr-longtable 2007/11/28 v0.1b (beta) floatrow: additions for longtable
\flrow@LT@lasthead=\box72
\flrow@LT@prelastfoot=\box73
\c@FBLTpage=\count334
)
Package hyperref Info: Link coloring OFF on input line 137.
(./Statistical-Analysis--Prediction-of-Trail-Use-in-Bridger-Mountains.out) (./Statistical-Analysis--Prediction-of-Trail-Use-in-Bridger-Mountains.out)
\@outlinefile=\write4
\openout4 = `Statistical-Analysis--Prediction-of-Trail-Use-in-Bridger-Mountains.out'.

LaTeX Font Info:    Trying to load font information for OT1+lmr on input line 139.
(/Users/mlbartley/Library/TinyTeX/texmf-dist/tex/latex/lm/ot1lmr.fd
File: ot1lmr.fd 2015/05/01 v1.6.1 Font defs for Latin Modern
)
LaTeX Font Info:    Trying to load font information for OML+lmm on input line 139.
(/Users/mlbartley/Library/TinyTeX/texmf-dist/tex/latex/lm/omllmm.fd
File: omllmm.fd 2015/05/01 v1.6.1 Font defs for Latin Modern
)
LaTeX Font Info:    Trying to load font information for OMS+lmsy on input line 139.
(/Users/mlbartley/Library/TinyTeX/texmf-dist/tex/latex/lm/omslmsy.fd
File: omslmsy.fd 2015/05/01 v1.6.1 Font defs for Latin Modern
)
LaTeX Font Info:    Trying to load font information for OMX+lmex on input line 139.
(/Users/mlbartley/Library/TinyTeX/texmf-dist/tex/latex/lm/omxlmex.fd
File: omxlmex.fd 2015/05/01 v1.6.1 Font defs for Latin Modern
)
LaTeX Font Info:    External font `lmex10' loaded for size
(Font)              <12> on input line 139.
LaTeX Font Info:    External font `lmex10' loaded for size
(Font)              <8> on input line 139.
LaTeX Font Info:    External font `lmex10' loaded for size
(Font)              <6> on input line 139.
LaTeX Font Info:    Trying to load font information for U+msa on input line 139.
(/Users/mlbartley/Library/TinyTeX/texmf-dist/tex/latex/amsfonts/umsa.fd
File: umsa.fd 2013/01/14 v3.01 AMS symbols A
)
LaTeX Font Info:    Trying to load font information for U+msb on input line 139.
(/Users/mlbartley/Library/TinyTeX/texmf-dist/tex/latex/amsfonts/umsb.fd
File: umsb.fd 2013/01/14 v3.01 AMS symbols B
) [1


{/Users/mlbartley/Library/TinyTeX/texmf-var/fonts/map/pdftex/updmap/pdftex.map}] [2

] (./Statistical-Analysis--Prediction-of-Trail-Use-in-Bridger-Mountains.toc
LaTeX Font Info:    External font `lmex10' loaded for size
(Font)              <10> on input line 2.
LaTeX Font Info:    External font `lmex10' loaded for size
(Font)              <7> on input line 2.
LaTeX Font Info:    External font `lmex10' loaded for size
(Font)              <5> on input line 2.
[3])
\tf@toc=\write5
\openout5 = `Statistical-Analysis--Prediction-of-Trail-Use-in-Bridger-Mountains.toc'.

[4]
Section 1.
[5

] [6]
Section 2.
LaTeX Font Info:    Trying to load font information for T1+lmtt on input line 204.
(/Users/mlbartley/Library/TinyTeX/texmf-dist/tex/latex/lm/t1lmtt.fd
File: t1lmtt.fd 2015/05/01 v1.6.1 Font defs for Latin Modern
) [7

] [8

]
Section 3.
<../figures/camera_locations.pdf, id=297, 939.51pt x 614.295pt>
File: ../figures/camera_locations.pdf Graphic file (type pdf)
<use ../figures/camera_locations.pdf>
Package pdftex.def Info: ../figures/camera_locations.pdf  used on input line 280.
(pdftex.def)             Requested size: 472.03323pt x 308.6371pt.
<Statistical-Analysis--Prediction-of-Trail-Use-in-Bridger-Mountains_files/figure-latex/location-test-1.pdf, id=298, 471.7625pt x 325.215pt>
File: Statistical-Analysis--Prediction-of-Trail-Use-in-Bridger-Mountains_files/figure-latex/location-test-1.pdf Graphic file (type pdf)
<use Statistical-Analysis--Prediction-of-Trail-Use-in-Bridger-Mountains_files/figure-latex/location-test-1.pdf>
Package pdftex.def Info: Statistical-Analysis--Prediction-of-Trail-Use-in-Bridger-Mountains_files/figure-latex/location-test-1.pdf  used on input line 289.
(pdftex.def)             Requested size: 471.76852pt x 325.21916pt.
[9] [10 <../figures/camera_locations.pdf>] [11 <./Statistical-Analysis--Prediction-of-Trail-Use-in-Bridger-Mountains_files/figure-latex/location-test-1.pdf>]
<../figures/Counter_bySubSection_TS_highuse.pdf, id=411, 939.51pt x 614.295pt>
File: ../figures/Counter_bySubSection_TS_highuse.pdf Graphic file (type pdf)
<use ../figures/Counter_bySubSection_TS_highuse.pdf>
Package pdftex.def Info: ../figures/Counter_bySubSection_TS_highuse.pdf  used on input line 310.
(pdftex.def)             Requested size: 472.03323pt x 308.6371pt.
<../figures/Counter_bySubsection_TS_lowuse.pdf, id=412, 939.51pt x 614.295pt>
File: ../figures/Counter_bySubsection_TS_lowuse.pdf Graphic file (type pdf)
<use ../figures/Counter_bySubsection_TS_lowuse.pdf>
Package pdftex.def Info: ../figures/Counter_bySubsection_TS_lowuse.pdf  used on input line 319.
(pdftex.def)             Requested size: 472.03323pt x 308.6371pt.
[12 <../figures/Counter_bySubSection_TS_highuse.pdf>] [13 <../figures/Counter_bySubsection_TS_lowuse.pdf>]
Overfull \hbox (26.07082pt too wide) in paragraph at lines 337--382
 [][] 
 []


LaTeX Warning: Float too large for page by 35.11024pt on input line 382.

[14]
LaTeX Font Info:    Trying to load font information for TS1+lmr on input line 392.
(/Users/mlbartley/Library/TinyTeX/texmf-dist/tex/latex/lm/ts1lmr.fd
File: ts1lmr.fd 2015/05/01 v1.6.1 Font defs for Latin Modern
)
<../figures/hourly_bydayofweek_highuse.pdf, id=445, 939.51pt x 614.295pt>
File: ../figures/hourly_bydayofweek_highuse.pdf Graphic file (type pdf)
<use ../figures/hourly_bydayofweek_highuse.pdf>
Package pdftex.def Info: ../figures/hourly_bydayofweek_highuse.pdf  used on input line 438.
(pdftex.def)             Requested size: 472.03323pt x 308.6371pt.
<../figures/hourly_bydayofweek_lowuse.pdf, id=446, 939.51pt x 614.295pt>
File: ../figures/hourly_bydayofweek_lowuse.pdf Graphic file (type pdf)
<use ../figures/hourly_bydayofweek_lowuse.pdf>
Package pdftex.def Info: ../figures/hourly_bydayofweek_lowuse.pdf  used on input line 447.
(pdftex.def)             Requested size: 472.03323pt x 308.6371pt.
[15


] [16 <../figures/hourly_bydayofweek_highuse.pdf>] [17 <../figures/hourly_bydayofweek_lowuse.pdf>] [18]
<../figures/Strava_day_TS_bytrip_high.pdf, id=491, 939.51pt x 614.295pt>
File: ../figures/Strava_day_TS_bytrip_high.pdf Graphic file (type pdf)
<use ../figures/Strava_day_TS_bytrip_high.pdf>
Package pdftex.def Info: ../figures/Strava_day_TS_bytrip_high.pdf  used on input line 572.
(pdftex.def)             Requested size: 472.03323pt x 308.6371pt.
<../figures/Strava_day_TS_bytrip_low.pdf, id=492, 939.51pt x 614.295pt>
File: ../figures/Strava_day_TS_bytrip_low.pdf Graphic file (type pdf)
<use ../figures/Strava_day_TS_bytrip_low.pdf>
Package pdftex.def Info: ../figures/Strava_day_TS_bytrip_low.pdf  used on input line 581.
(pdftex.def)             Requested size: 472.03323pt x 308.6371pt.
[19 <../figures/Strava_day_TS_bytrip_high.pdf>] [20 <../figures/Strava_day_TS_bytrip_low.pdf>]
<../figures/allTrails_search_TS_high.pdf, id=523, 939.51pt x 614.295pt>
File: ../figures/allTrails_search_TS_high.pdf Graphic file (type pdf)
<use ../figures/allTrails_search_TS_high.pdf>
Package pdftex.def Info: ../figures/allTrails_search_TS_high.pdf  used on input line 601.
(pdftex.def)             Requested size: 472.03323pt x 308.6371pt.
<../figures/allTrails_search_TS_low.pdf, id=524, 939.51pt x 614.295pt>
File: ../figures/allTrails_search_TS_low.pdf Graphic file (type pdf)
<use ../figures/allTrails_search_TS_low.pdf>
Package pdftex.def Info: ../figures/allTrails_search_TS_low.pdf  used on input line 610.
(pdftex.def)             Requested size: 472.03323pt x 308.6371pt.
<../figures/weatherplots.pdf, id=526, 939.51pt x 614.295pt>
File: ../figures/weatherplots.pdf Graphic file (type pdf)
<use ../figures/weatherplots.pdf>
Package pdftex.def Info: ../figures/weatherplots.pdf  used on input line 646.
(pdftex.def)             Requested size: 472.03323pt x 308.6371pt.
[21 <../figures/allTrails_search_TS_high.pdf>] [22 <../figures/allTrails_search_TS_low.pdf>] [23 <../figures/weatherplots.pdf>] [24] [25] [26



]
Section 4.
[27] [28]
LaTeX Font Info:    Font shape `T1/lmtt/bx/n' in size <10> not available
(Font)              Font shape `T1/lmtt/b/n' tried instead on input line 937.

LaTeX Font Warning: Font shape `T1/lmtt/bx/it' in size <10> not available
(Font)              Font shape `T1/lmtt/b/sl' tried instead on input line 937.

<../figures/HGAM.png, id=618, 301.125pt x 404.59155pt>
File: ../figures/HGAM.png Graphic file (type png)
<use ../figures/HGAM.png>
Package pdftex.def Info: ../figures/HGAM.png  used on input line 973.
(pdftex.def)             Requested size: 301.14262pt x 404.61525pt.
[29]
Underfull \vbox (badness 10000) has occurred while \output is active []

[30 <../figures/HGAM.png>] [31] [32

]
Section 5.
<../figures/MiddleCottonwood_TS.pdf, id=652, 939.51pt x 614.295pt>
File: ../figures/MiddleCottonwood_TS.pdf Graphic file (type pdf)
<use ../figures/MiddleCottonwood_TS.pdf>
Package pdftex.def Info: ../figures/MiddleCottonwood_TS.pdf  used on input line 1039.
(pdftex.def)             Requested size: 472.03323pt x 308.6371pt.
<../figures/MiddleCottonwood_Covariates.png, id=654, 939.51pt x 686.565pt>
File: ../figures/MiddleCottonwood_Covariates.png Graphic file (type png)
<use ../figures/MiddleCottonwood_Covariates.png>
Package pdftex.def Info: ../figures/MiddleCottonwood_Covariates.png  used on input line 1050.
(pdftex.def)             Requested size: 472.03323pt x 344.94736pt.
[33] [34 <../figures/MiddleCottonwood_TS.pdf>] [35 <../figures/MiddleCottonwood_Covariates.png>]
LaTeX Font Info:    Trying to load font information for TS1+lmtt on input line 1087.
(/Users/mlbartley/Library/TinyTeX/texmf-dist/tex/latex/lm/ts1lmtt.fd
File: ts1lmtt.fd 2015/05/01 v1.6.1 Font defs for Latin Modern
) [36] [37] [38] [39]
<Statistical-Analysis--Prediction-of-Trail-Use-in-Bridger-Mountains_files/figure-latex/MCdraw-1.pdf, id=746, 455.7025pt x 305.14pt>
File: Statistical-Analysis--Prediction-of-Trail-Use-in-Bridger-Mountains_files/figure-latex/MCdraw-1.pdf Graphic file (type pdf)
<use Statistical-Analysis--Prediction-of-Trail-Use-in-Bridger-Mountains_files/figure-latex/MCdraw-1.pdf>
Package pdftex.def Info: Statistical-Analysis--Prediction-of-Trail-Use-in-Bridger-Mountains_files/figure-latex/MCdraw-1.pdf  used on input line 1325.
(pdftex.def)             Requested size: 455.70831pt x 305.14389pt.
[40] [41 <./Statistical-Analysis--Prediction-of-Trail-Use-in-Bridger-Mountains_files/figure-latex/MCdraw-1.pdf>]
<Statistical-Analysis--Prediction-of-Trail-Use-in-Bridger-Mountains_files/figure-latex/unnamed-chunk-9-1.pdf, id=774, 442.65375pt x 293.095pt>
File: Statistical-Analysis--Prediction-of-Trail-Use-in-Bridger-Mountains_files/figure-latex/unnamed-chunk-9-1.pdf Graphic file (type pdf)
<use Statistical-Analysis--Prediction-of-Trail-Use-in-Bridger-Mountains_files/figure-latex/unnamed-chunk-9-1.pdf>
Package pdftex.def Info: Statistical-Analysis--Prediction-of-Trail-Use-in-Bridger-Mountains_files/figure-latex/unnamed-chunk-9-1.pdf  used on input line 1354.
(pdftex.def)             Requested size: 442.65265pt x 293.09427pt.

Underfull \vbox (badness 10000) has occurred while \output is active []

[42] [43 <./Statistical-Analysis--Prediction-of-Trail-Use-in-Bridger-Mountains_files/figure-latex/unnamed-chunk-9-1.pdf>]
<Statistical-Analysis--Prediction-of-Trail-Use-in-Bridger-Mountains_files/figure-latex/unnamed-chunk-10-1.pdf, id=796, 454.69875pt x 302.12875pt>
File: Statistical-Analysis--Prediction-of-Trail-Use-in-Bridger-Mountains_files/figure-latex/unnamed-chunk-10-1.pdf Graphic file (type pdf)
<use Statistical-Analysis--Prediction-of-Trail-Use-in-Bridger-Mountains_files/figure-latex/unnamed-chunk-10-1.pdf>
Package pdftex.def Info: Statistical-Analysis--Prediction-of-Trail-Use-in-Bridger-Mountains_files/figure-latex/unnamed-chunk-10-1.pdf  used on input line 1408.
(pdftex.def)             Requested size: 454.69763pt x 302.128pt.
[44 <./Statistical-Analysis--Prediction-of-Trail-Use-in-Bridger-Mountains_files/figure-latex/unnamed-chunk-10-1.pdf>]
<Statistical-Analysis--Prediction-of-Trail-Use-in-Bridger-Mountains_files/figure-latex/tsDiagGAMM-1.pdf, id=812, 448.67625pt x 300.12125pt>
File: Statistical-Analysis--Prediction-of-Trail-Use-in-Bridger-Mountains_files/figure-latex/tsDiagGAMM-1.pdf Graphic file (type pdf)
<use Statistical-Analysis--Prediction-of-Trail-Use-in-Bridger-Mountains_files/figure-latex/tsDiagGAMM-1.pdf>
Package pdftex.def Info: Statistical-Analysis--Prediction-of-Trail-Use-in-Bridger-Mountains_files/figure-latex/tsDiagGAMM-1.pdf  used on input line 1429.
(pdftex.def)             Requested size: 448.68884pt x 300.12967pt.
<Statistical-Analysis--Prediction-of-Trail-Use-in-Bridger-Mountains_files/figure-latex/rootogram-1.pdf, id=813, 459.7175pt x 315.1775pt>
File: Statistical-Analysis--Prediction-of-Trail-Use-in-Bridger-Mountains_files/figure-latex/rootogram-1.pdf Graphic file (type pdf)
<use Statistical-Analysis--Prediction-of-Trail-Use-in-Bridger-Mountains_files/figure-latex/rootogram-1.pdf>
Package pdftex.def Info: Statistical-Analysis--Prediction-of-Trail-Use-in-Bridger-Mountains_files/figure-latex/rootogram-1.pdf  used on input line 1443.
(pdftex.def)             Requested size: 459.74442pt x 315.19595pt.

Underfull \vbox (badness 10000) has occurred while \output is active []

[45 <./Statistical-Analysis--Prediction-of-Trail-Use-in-Bridger-Mountains_files/figure-latex/tsDiagGAMM-1.pdf>]
<Statistical-Analysis--Prediction-of-Trail-Use-in-Bridger-Mountains_files/figure-latex/gamm diagnostics-1.pdf, id=829, 436.63126pt x 290.08376pt>
File: Statistical-Analysis--Prediction-of-Trail-Use-in-Bridger-Mountains_files/figure-latex/gamm diagnostics-1.pdf Graphic file (type pdf)
<use Statistical-Analysis--Prediction-of-Trail-Use-in-Bridger-Mountains_files/figure-latex/gamm diagnostics-1.pdf>
Package pdftex.def Info: Statistical-Analysis--Prediction-of-Trail-Use-in-Bridger-Mountains_files/figure-latex/gamm diagnostics-1.pdf  used on input line 1478.
(pdftex.def)             Requested size: 436.63019pt x 290.08304pt.
[46 <./Statistical-Analysis--Prediction-of-Trail-Use-in-Bridger-Mountains_files/figure-latex/rootogram-1.pdf>] [47 <./Statistical-Analysis--Prediction-of-Trail-Use-in-Bridger-Mountains_files/figure-latex/gamm diagnostics-1.pdf>]
<Statistical-Analysis--Prediction-of-Trail-Use-in-Bridger-Mountains_files/figure-latex/MidCot-predict-compare-1.pdf, id=860, 452.69125pt x 315.1775pt>
File: Statistical-Analysis--Prediction-of-Trail-Use-in-Bridger-Mountains_files/figure-latex/MidCot-predict-compare-1.pdf Graphic file (type pdf)
<use Statistical-Analysis--Prediction-of-Trail-Use-in-Bridger-Mountains_files/figure-latex/MidCot-predict-compare-1.pdf>
Package pdftex.def Info: Statistical-Analysis--Prediction-of-Trail-Use-in-Bridger-Mountains_files/figure-latex/MidCot-predict-compare-1.pdf  used on input line 1530.
(pdftex.def)             Requested size: 452.69014pt x 315.17673pt.
[48] [49 <./Statistical-Analysis--Prediction-of-Trail-Use-in-Bridger-Mountains_files/figure-latex/MidCot-predict-compare-1.pdf>] [50

]
Section 6.
[51] [52] [53]
<Statistical-Analysis--Prediction-of-Trail-Use-in-Bridger-Mountains_files/figure-latex/modG-TSdiag1-1.pdf, id=944, 449.68pt x 300.12125pt>
File: Statistical-Analysis--Prediction-of-Trail-Use-in-Bridger-Mountains_files/figure-latex/modG-TSdiag1-1.pdf Graphic file (type pdf)
<use Statistical-Analysis--Prediction-of-Trail-Use-in-Bridger-Mountains_files/figure-latex/modG-TSdiag1-1.pdf>
Package pdftex.def Info: Statistical-Analysis--Prediction-of-Trail-Use-in-Bridger-Mountains_files/figure-latex/modG-TSdiag1-1.pdf  used on input line 1729.
(pdftex.def)             Requested size: 449.7132pt x 300.1434pt.
<Statistical-Analysis--Prediction-of-Trail-Use-in-Bridger-Mountains_files/figure-latex/modG-TSdiag2-1.pdf, id=945, 436.63126pt x 290.08376pt>
File: Statistical-Analysis--Prediction-of-Trail-Use-in-Bridger-Mountains_files/figure-latex/modG-TSdiag2-1.pdf Graphic file (type pdf)
<use Statistical-Analysis--Prediction-of-Trail-Use-in-Bridger-Mountains_files/figure-latex/modG-TSdiag2-1.pdf>
Package pdftex.def Info: Statistical-Analysis--Prediction-of-Trail-Use-in-Bridger-Mountains_files/figure-latex/modG-TSdiag2-1.pdf  used on input line 1738.
(pdftex.def)             Requested size: 436.65683pt x 290.10074pt.
<Statistical-Analysis--Prediction-of-Trail-Use-in-Bridger-Mountains_files/figure-latex/modG-draw-1.pdf, id=947, 456.70625pt x 305.14pt>
File: Statistical-Analysis--Prediction-of-Trail-Use-in-Bridger-Mountains_files/figure-latex/modG-draw-1.pdf Graphic file (type pdf)
<use Statistical-Analysis--Prediction-of-Trail-Use-in-Bridger-Mountains_files/figure-latex/modG-draw-1.pdf>
Package pdftex.def Info: Statistical-Analysis--Prediction-of-Trail-Use-in-Bridger-Mountains_files/figure-latex/modG-draw-1.pdf  used on input line 1755.
(pdftex.def)             Requested size: 456.71906pt x 305.14854pt.
<Statistical-Analysis--Prediction-of-Trail-Use-in-Bridger-Mountains_files/figure-latex/modG-rootogram-1.pdf, id=949, 464.73625pt x 315.1775pt>
File: Statistical-Analysis--Prediction-of-Trail-Use-in-Bridger-Mountains_files/figure-latex/modG-rootogram-1.pdf Graphic file (type pdf)
<use Statistical-Analysis--Prediction-of-Trail-Use-in-Bridger-Mountains_files/figure-latex/modG-rootogram-1.pdf>
Package pdftex.def Info: Statistical-Analysis--Prediction-of-Trail-Use-in-Bridger-Mountains_files/figure-latex/modG-rootogram-1.pdf  used on input line 1770.
(pdftex.def)             Requested size: 464.74928pt x 315.18634pt.
<../figures/high_pred_modG.pdf, id=953, 939.51pt x 614.295pt>
File: ../figures/high_pred_modG.pdf Graphic file (type pdf)
<use ../figures/high_pred_modG.pdf>
Package pdftex.def Info: ../figures/high_pred_modG.pdf  used on input line 1781.
(pdftex.def)             Requested size: 472.03323pt x 308.6371pt.
<../figures/low_pred_modG.pdf, id=954, 939.51pt x 614.295pt>
File: ../figures/low_pred_modG.pdf Graphic file (type pdf)
<use ../figures/low_pred_modG.pdf>
Package pdftex.def Info: ../figures/low_pred_modG.pdf  used on input line 1790.
(pdftex.def)             Requested size: 472.03323pt x 308.6371pt.
[54] [55 <./Statistical-Analysis--Prediction-of-Trail-Use-in-Bridger-Mountains_files/figure-latex/modG-TSdiag1-1.pdf> <./Statistical-Analysis--Prediction-of-Trail-Use-in-Bridger-Mountains_files/figure-latex/modG-TSdiag2-1.pdf>] [56 <./Statistical-Analysis--Prediction-of-Trail-Use-in-Bridger-Mountains_files/figure-latex/modG-draw-1.pdf>] [57 <./Statistical-Analysis--Prediction-of-Trail-Use-in-Bridger-Mountains_files/figure-latex/modG-rootogram-1.pdf>] [58 <../figures/high_pred_modG.pdf>] [59 <../figures/low_pred_modG.pdf>]
<Statistical-Analysis--Prediction-of-Trail-Use-in-Bridger-Mountains_files/figure-latex/modG-pred-observed-1.pdf, id=1040, 712.6625pt x 925.4575pt>
File: Statistical-Analysis--Prediction-of-Trail-Use-in-Bridger-Mountains_files/figure-latex/modG-pred-observed-1.pdf Graphic file (type pdf)
<use Statistical-Analysis--Prediction-of-Trail-Use-in-Bridger-Mountains_files/figure-latex/modG-pred-observed-1.pdf>
Package pdftex.def Info: Statistical-Analysis--Prediction-of-Trail-Use-in-Bridger-Mountains_files/figure-latex/modG-pred-observed-1.pdf  used on input line 1819.
(pdftex.def)             Requested size: 472.03336pt x 612.97853pt.

LaTeX Warning: Float too large for page by 18.27231pt on input line 1824.

[60] [61 <./Statistical-Analysis--Prediction-of-Trail-Use-in-Bridger-Mountains_files/figure-latex/modG-pred-observed-1.pdf>]
<Statistical-Analysis--Prediction-of-Trail-Use-in-Bridger-Mountains_files/figure-latex/modGS-tsDiag1-1.pdf, id=1064, 448.67625pt x 300.12125pt>
File: Statistical-Analysis--Prediction-of-Trail-Use-in-Bridger-Mountains_files/figure-latex/modGS-tsDiag1-1.pdf Graphic file (type pdf)
<use Statistical-Analysis--Prediction-of-Trail-Use-in-Bridger-Mountains_files/figure-latex/modGS-tsDiag1-1.pdf>
Package pdftex.def Info: Statistical-Analysis--Prediction-of-Trail-Use-in-Bridger-Mountains_files/figure-latex/modGS-tsDiag1-1.pdf  used on input line 1865.
(pdftex.def)             Requested size: 448.70938pt x 300.1434pt.
<Statistical-Analysis--Prediction-of-Trail-Use-in-Bridger-Mountains_files/figure-latex/modGS-tsDiag2-1.pdf, id=1065, 436.63126pt x 290.08376pt>
File: Statistical-Analysis--Prediction-of-Trail-Use-in-Bridger-Mountains_files/figure-latex/modGS-tsDiag2-1.pdf Graphic file (type pdf)
<use Statistical-Analysis--Prediction-of-Trail-Use-in-Bridger-Mountains_files/figure-latex/modGS-tsDiag2-1.pdf>
Package pdftex.def Info: Statistical-Analysis--Prediction-of-Trail-Use-in-Bridger-Mountains_files/figure-latex/modGS-tsDiag2-1.pdf  used on input line 1874.
(pdftex.def)             Requested size: 436.65683pt x 290.10074pt.
<Statistical-Analysis--Prediction-of-Trail-Use-in-Bridger-Mountains_files/figure-latex/modelGS-draw-1.pdf, id=1069, 449.68pt x 305.14pt>
File: Statistical-Analysis--Prediction-of-Trail-Use-in-Bridger-Mountains_files/figure-latex/modelGS-draw-1.pdf Graphic file (type pdf)
<use Statistical-Analysis--Prediction-of-Trail-Use-in-Bridger-Mountains_files/figure-latex/modelGS-draw-1.pdf>
Package pdftex.def Info: Statistical-Analysis--Prediction-of-Trail-Use-in-Bridger-Mountains_files/figure-latex/modelGS-draw-1.pdf  used on input line 1885.
(pdftex.def)             Requested size: 449.69948pt x 305.1532pt.
<../figures/high_pred_modGS.pdf, id=1070, 939.51pt x 614.295pt>
File: ../figures/high_pred_modGS.pdf Graphic file (type pdf)
<use ../figures/high_pred_modGS.pdf>
Package pdftex.def Info: ../figures/high_pred_modGS.pdf  used on input line 1894.
(pdftex.def)             Requested size: 472.03323pt x 308.6371pt.
<../figures/low_pred_modGS.pdf, id=1071, 939.51pt x 614.295pt>
File: ../figures/low_pred_modGS.pdf Graphic file (type pdf)
<use ../figures/low_pred_modGS.pdf>
Package pdftex.def Info: ../figures/low_pred_modGS.pdf  used on input line 1903.
(pdftex.def)             Requested size: 472.03323pt x 308.6371pt.
[62 <./Statistical-Analysis--Prediction-of-Trail-Use-in-Bridger-Mountains_files/figure-latex/modGS-tsDiag1-1.pdf>]
<Statistical-Analysis--Prediction-of-Trail-Use-in-Bridger-Mountains_files/figure-latex/modGS-pred-observed-1.pdf, id=1088, 712.6625pt x 925.4575pt>
File: Statistical-Analysis--Prediction-of-Trail-Use-in-Bridger-Mountains_files/figure-latex/modGS-pred-observed-1.pdf Graphic file (type pdf)
<use Statistical-Analysis--Prediction-of-Trail-Use-in-Bridger-Mountains_files/figure-latex/modGS-pred-observed-1.pdf>
Package pdftex.def Info: Statistical-Analysis--Prediction-of-Trail-Use-in-Bridger-Mountains_files/figure-latex/modGS-pred-observed-1.pdf  used on input line 1930.
(pdftex.def)             Requested size: 472.03336pt x 612.97853pt.

LaTeX Warning: Float too large for page by 6.27231pt on input line 1935.

[63 <./Statistical-Analysis--Prediction-of-Trail-Use-in-Bridger-Mountains_files/figure-latex/modGS-tsDiag2-1.pdf>] [64 <./Statistical-Analysis--Prediction-of-Trail-Use-in-Bridger-Mountains_files/figure-latex/modelGS-draw-1.pdf>] [65 <../figures/high_pred_modGS.pdf>] [66 <../figures/low_pred_modGS.pdf>] [67 <./Statistical-Analysis--Prediction-of-Trail-Use-in-Bridger-Mountains_files/figure-latex/modGS-pred-observed-1.pdf>] [68]
Overfull \hbox (16.21735pt too wide) in paragraph at lines 2052--2052
[]\T1/lmtt/m/n/10 ## s(yday)                                               6.179e+00  8.000  67.359  <2e-16 ***[] 
 []


Overfull \hbox (5.71738pt too wide) in paragraph at lines 2052--2052
[]\T1/lmtt/m/n/10 ## s(yday):subsectionFCarroll Creek                      1.374e+00  6.000   4.994  0.0839 .[] 
 []


Overfull \hbox (5.71738pt too wide) in paragraph at lines 2052--2052
[]\T1/lmtt/m/n/10 ## s(yday):subsectionFCollege M to Sypes                 1.503e+00  5.000  10.626  0.0621 .[] 
 []


Overfull \hbox (5.71738pt too wide) in paragraph at lines 2052--2052
[]\T1/lmtt/m/n/10 ## s(yday):subsectionFFairy Creek                        1.672e+00  5.000  12.764  0.0517 .[] 
 []


Overfull \hbox (5.71738pt too wide) in paragraph at lines 2052--2052
[]\T1/lmtt/m/n/10 ## s(yday):subsectionFLower                              1.861e+00  5.000 137.280  0.0393 *[] 
 []


Overfull \hbox (16.21735pt too wide) in paragraph at lines 2052--2052
[]\T1/lmtt/m/n/10 ## s(yday):subsectionFLower Shafthouse                   2.291e+00  7.000 163.110  <2e-16 ***[] 
 []


Overfull \hbox (10.96736pt too wide) in paragraph at lines 2052--2052
[]\T1/lmtt/m/n/10 ## s(yday):subsectionFRoss Pass                          2.341e+00  6.000 454.205  0.0035 **[] 
 []


Overfull \hbox (16.21735pt too wide) in paragraph at lines 2052--2052
[]\T1/lmtt/m/n/10 ## s(yday):subsectionFSacagawea Pass                     7.882e+00  8.000 709.841  <2e-16 ***[] 
 []


Overfull \hbox (16.21735pt too wide) in paragraph at lines 2052--2052
[]\T1/lmtt/m/n/10 ## s(yday):subsectionFUpper                              6.079e+00  8.000 136.676  <2e-16 ***[] 
 []


Overfull \hbox (16.21735pt too wide) in paragraph at lines 2052--2052
[]\T1/lmtt/m/n/10 ## s(yday):subsectionFBridger Ridge - All                5.678e+00  8.000  57.735  <2e-16 ***[] 
 []


Overfull \hbox (16.21735pt too wide) in paragraph at lines 2052--2052
[]\T1/lmtt/m/n/10 ## s(subsectionF)                                        1.053e+01 22.000   9.278  <2e-16 ***[] 
 []


Overfull \hbox (16.21735pt too wide) in paragraph at lines 2052--2052
[]\T1/lmtt/m/n/10 ## s(month)                                              4.391e+00  5.000  75.444  <2e-16 ***[] 
 []


Overfull \hbox (16.21735pt too wide) in paragraph at lines 2052--2052
[]\T1/lmtt/m/n/10 ## s(wday)                                               4.975e+00  5.000 607.048  <2e-16 ***[] 
 []


Overfull \hbox (16.21735pt too wide) in paragraph at lines 2052--2052
[]\T1/lmtt/m/n/10 ## s(daily_aqi_value)                                    8.800e+00  8.800  94.991  <2e-16 ***[] 
 []


Overfull \hbox (16.21735pt too wide) in paragraph at lines 2052--2052
[]\T1/lmtt/m/n/10 ## s(temp_max_f)                                         6.330e+00  6.330  73.069  <2e-16 ***[] 
 []


Overfull \hbox (16.21735pt too wide) in paragraph at lines 2052--2052
[]\T1/lmtt/m/n/10 ## s(precipitation_in)                                   3.641e+00  3.641  28.530  <2e-16 ***[] 
 []

<Statistical-Analysis--Prediction-of-Trail-Use-in-Bridger-Mountains_files/figure-latex/modelGI-draw-1.pdf, id=1167, 449.68pt x 305.14pt>
File: Statistical-Analysis--Prediction-of-Trail-Use-in-Bridger-Mountains_files/figure-latex/modelGI-draw-1.pdf Graphic file (type pdf)
<use Statistical-Analysis--Prediction-of-Trail-Use-in-Bridger-Mountains_files/figure-latex/modelGI-draw-1.pdf>
Package pdftex.def Info: Statistical-Analysis--Prediction-of-Trail-Use-in-Bridger-Mountains_files/figure-latex/modelGI-draw-1.pdf  used on input line 2058.
(pdftex.def)             Requested size: 449.69948pt x 305.1532pt.
<Statistical-Analysis--Prediction-of-Trail-Use-in-Bridger-Mountains_files/figure-latex/modelGI-tsDiag1-1.pdf, id=1172, 448.67625pt x 300.12125pt>
File: Statistical-Analysis--Prediction-of-Trail-Use-in-Bridger-Mountains_files/figure-latex/modelGI-tsDiag1-1.pdf Graphic file (type pdf)
<use Statistical-Analysis--Prediction-of-Trail-Use-in-Bridger-Mountains_files/figure-latex/modelGI-tsDiag1-1.pdf>
Package pdftex.def Info: Statistical-Analysis--Prediction-of-Trail-Use-in-Bridger-Mountains_files/figure-latex/modelGI-tsDiag1-1.pdf  used on input line 2069.
(pdftex.def)             Requested size: 448.70938pt x 300.1434pt.
<Statistical-Analysis--Prediction-of-Trail-Use-in-Bridger-Mountains_files/figure-latex/modelGI-tsDiag2-1.pdf, id=1173, 436.63126pt x 290.08376pt>
File: Statistical-Analysis--Prediction-of-Trail-Use-in-Bridger-Mountains_files/figure-latex/modelGI-tsDiag2-1.pdf Graphic file (type pdf)
<use Statistical-Analysis--Prediction-of-Trail-Use-in-Bridger-Mountains_files/figure-latex/modelGI-tsDiag2-1.pdf>
Package pdftex.def Info: Statistical-Analysis--Prediction-of-Trail-Use-in-Bridger-Mountains_files/figure-latex/modelGI-tsDiag2-1.pdf  used on input line 2078.
(pdftex.def)             Requested size: 436.63019pt x 290.08304pt.
<Statistical-Analysis--Prediction-of-Trail-Use-in-Bridger-Mountains_files/figure-latex/GIrootogram-1.pdf, id=1174, 464.73625pt x 315.1775pt>
File: Statistical-Analysis--Prediction-of-Trail-Use-in-Bridger-Mountains_files/figure-latex/GIrootogram-1.pdf Graphic file (type pdf)
<use Statistical-Analysis--Prediction-of-Trail-Use-in-Bridger-Mountains_files/figure-latex/GIrootogram-1.pdf>
Package pdftex.def Info: Statistical-Analysis--Prediction-of-Trail-Use-in-Bridger-Mountains_files/figure-latex/GIrootogram-1.pdf  used on input line 2094.
(pdftex.def)             Requested size: 464.76346pt x 315.19595pt.
[69] [70 <./Statistical-Analysis--Prediction-of-Trail-Use-in-Bridger-Mountains_files/figure-latex/modelGI-draw-1.pdf>] [71 <./Statistical-Analysis--Prediction-of-Trail-Use-in-Bridger-Mountains_files/figure-latex/modelGI-tsDiag1-1.pdf> <./Statistical-Analysis--Prediction-of-Trail-Use-in-Bridger-Mountains_files/figure-latex/modelGI-tsDiag2-1.pdf>] [72 <./Statistical-Analysis--Prediction-of-Trail-Use-in-Bridger-Mountains_files/figure-latex/GIrootogram-1.pdf>]
<Statistical-Analysis--Prediction-of-Trail-Use-in-Bridger-Mountains_files/figure-latex/modGI-pred-observed-1.pdf, id=1231, 712.6625pt x 925.4575pt>
File: Statistical-Analysis--Prediction-of-Trail-Use-in-Bridger-Mountains_files/figure-latex/modGI-pred-observed-1.pdf Graphic file (type pdf)
<use Statistical-Analysis--Prediction-of-Trail-Use-in-Bridger-Mountains_files/figure-latex/modGI-pred-observed-1.pdf>
Package pdftex.def Info: Statistical-Analysis--Prediction-of-Trail-Use-in-Bridger-Mountains_files/figure-latex/modGI-pred-observed-1.pdf  used on input line 2121.
(pdftex.def)             Requested size: 472.03336pt x 612.97853pt.

LaTeX Warning: Float too large for page by 6.27231pt on input line 2123.

<../figures/high_pred_modGI.pdf, id=1234, 939.51pt x 614.295pt>
File: ../figures/high_pred_modGI.pdf Graphic file (type pdf)
<use ../figures/high_pred_modGI.pdf>
Package pdftex.def Info: ../figures/high_pred_modGI.pdf  used on input line 2128.
(pdftex.def)             Requested size: 472.03323pt x 308.6371pt.
<../figures/low_pred_modGI.pdf, id=1235, 939.51pt x 614.295pt>
File: ../figures/low_pred_modGI.pdf Graphic file (type pdf)
<use ../figures/low_pred_modGI.pdf>
Package pdftex.def Info: ../figures/low_pred_modGI.pdf  used on input line 2132.
(pdftex.def)             Requested size: 472.03323pt x 308.6371pt.
<../figures/high_pred_compare.png, id=1239, 939.51pt x 614.295pt>
File: ../figures/high_pred_compare.png Graphic file (type png)
<use ../figures/high_pred_compare.png>
Package pdftex.def Info: ../figures/high_pred_compare.png  used on input line 2147.
(pdftex.def)             Requested size: 472.03323pt x 308.6371pt.
<../figures/low_pred_compare.png, id=1240, 939.51pt x 614.295pt>
File: ../figures/low_pred_compare.png Graphic file (type png)
<use ../figures/low_pred_compare.png>
Package pdftex.def Info: ../figures/low_pred_compare.png  used on input line 2156.
(pdftex.def)             Requested size: 472.03323pt x 308.6371pt.
<../figures/MC_data_used.png, id=1243, 939.51pt x 614.295pt>
File: ../figures/MC_data_used.png Graphic file (type png)
<use ../figures/MC_data_used.png>
Package pdftex.def Info: ../figures/MC_data_used.png  used on input line 2170.
(pdftex.def)             Requested size: 472.03323pt x 308.6371pt.
<../figures/NewTrails_compare.png, id=1245, 939.51pt x 614.295pt>
File: ../figures/NewTrails_compare.png Graphic file (type png)
<use ../figures/NewTrails_compare.png>
Package pdftex.def Info: ../figures/NewTrails_compare.png  used on input line 2184.
(pdftex.def)             Requested size: 472.03323pt x 308.6371pt.
[73] [74 <./Statistical-Analysis--Prediction-of-Trail-Use-in-Bridger-Mountains_files/figure-latex/modGI-pred-observed-1.pdf>] [75 <../figures/high_pred_modGI.pdf>] [76 <../figures/low_pred_modGI.pdf>] [77 <../figures/high_pred_compare.png>] [78 <../figures/low_pred_compare.png>] [79 <../figures/MC_data_used.png>] [80 <../figures/NewTrails_compare.png>]
<../figures/NWG_pred_compare.png, id=1322, 939.51pt x 614.295pt>
File: ../figures/NWG_pred_compare.png Graphic file (type png)
<use ../figures/NWG_pred_compare.png>
Package pdftex.def Info: ../figures/NWG_pred_compare.png  used on input line 2198.
(pdftex.def)             Requested size: 472.03323pt x 308.6371pt.
[81 <../figures/NWG_pred_compare.png>] [82] [83] [84]
Section 7.

Underfull \vbox (badness 1803) has occurred while \output is active []

[85

]
<Statistical-Analysis--Prediction-of-Trail-Use-in-Bridger-Mountains_files/figure-latex/GS-globaldeviations-1.pdf, id=1366, 449.68pt x 305.14pt>
File: Statistical-Analysis--Prediction-of-Trail-Use-in-Bridger-Mountains_files/figure-latex/GS-globaldeviations-1.pdf Graphic file (type pdf)
<use Statistical-Analysis--Prediction-of-Trail-Use-in-Bridger-Mountains_files/figure-latex/GS-globaldeviations-1.pdf>
Package pdftex.def Info: Statistical-Analysis--Prediction-of-Trail-Use-in-Bridger-Mountains_files/figure-latex/GS-globaldeviations-1.pdf  used on input line 2356.
(pdftex.def)             Requested size: 449.69948pt x 305.1532pt.
[86]
Overfull \hbox (227.08742pt too wide) has occurred while \output is active
\T1/lmr/m/sl/10 7.4.  CAN WE IDENTIFY TRAILS THAT ARE ``CLOSEST'' TO GLOBAL SMOOTH TREND AS IDEAL CANDIDATES FOR YEAR-ROUND CAMERAS? \T1/lmr/m/n/10 87
 []

[87 <./Statistical-Analysis--Prediction-of-Trail-Use-in-Bridger-Mountains_files/figure-latex/GS-globaldeviations-1.pdf>]
<Statistical-Analysis--Prediction-of-Trail-Use-in-Bridger-Mountains_files/figure-latex/GI-globaldeviations1-1.pdf, id=1395, 702.625pt x 919.435pt>
File: Statistical-Analysis--Prediction-of-Trail-Use-in-Bridger-Mountains_files/figure-latex/GI-globaldeviations1-1.pdf Graphic file (type pdf)
<use Statistical-Analysis--Prediction-of-Trail-Use-in-Bridger-Mountains_files/figure-latex/GI-globaldeviations1-1.pdf>
Package pdftex.def Info: Statistical-Analysis--Prediction-of-Trail-Use-in-Bridger-Mountains_files/figure-latex/GI-globaldeviations1-1.pdf  used on input line 2397.
(pdftex.def)             Requested size: 472.04285pt x 617.70178pt.

LaTeX Warning: Float too large for page by 10.99556pt on input line 2402.

<Statistical-Analysis--Prediction-of-Trail-Use-in-Bridger-Mountains_files/figure-latex/GI-globaldeviations2-1.pdf, id=1396, 702.625pt x 919.435pt>
File: Statistical-Analysis--Prediction-of-Trail-Use-in-Bridger-Mountains_files/figure-latex/GI-globaldeviations2-1.pdf Graphic file (type pdf)
<use Statistical-Analysis--Prediction-of-Trail-Use-in-Bridger-Mountains_files/figure-latex/GI-globaldeviations2-1.pdf>
Package pdftex.def Info: Statistical-Analysis--Prediction-of-Trail-Use-in-Bridger-Mountains_files/figure-latex/GI-globaldeviations2-1.pdf  used on input line 2406.
(pdftex.def)             Requested size: 472.04285pt x 617.70178pt.

LaTeX Warning: Float too large for page by 10.99556pt on input line 2411.

<Statistical-Analysis--Prediction-of-Trail-Use-in-Bridger-Mountains_files/figure-latex/GI-globaldeviations3-1.pdf, id=1397, 702.625pt x 919.435pt>
File: Statistical-Analysis--Prediction-of-Trail-Use-in-Bridger-Mountains_files/figure-latex/GI-globaldeviations3-1.pdf Graphic file (type pdf)
<use Statistical-Analysis--Prediction-of-Trail-Use-in-Bridger-Mountains_files/figure-latex/GI-globaldeviations3-1.pdf>
Package pdftex.def Info: Statistical-Analysis--Prediction-of-Trail-Use-in-Bridger-Mountains_files/figure-latex/GI-globaldeviations3-1.pdf  used on input line 2415.
(pdftex.def)             Requested size: 472.04285pt x 617.70178pt.

LaTeX Warning: Float too large for page by 10.99556pt on input line 2420.

[88]
Overfull \hbox (227.08742pt too wide) has occurred while \output is active
\T1/lmr/m/sl/10 7.4.  CAN WE IDENTIFY TRAILS THAT ARE ``CLOSEST'' TO GLOBAL SMOOTH TREND AS IDEAL CANDIDATES FOR YEAR-ROUND CAMERAS? \T1/lmr/m/n/10 89
 []

[89 <./Statistical-Analysis--Prediction-of-Trail-Use-in-Bridger-Mountains_files/figure-latex/GI-globaldeviations1-1.pdf>] [90 <./Statistical-Analysis--Prediction-of-Trail-Use-in-Bridger-Mountains_files/figure-latex/GI-globaldeviations2-1.pdf>]
Overfull \hbox (227.08742pt too wide) has occurred while \output is active
\T1/lmr/m/sl/10 7.4.  CAN WE IDENTIFY TRAILS THAT ARE ``CLOSEST'' TO GLOBAL SMOOTH TREND AS IDEAL CANDIDATES FOR YEAR-ROUND CAMERAS? \T1/lmr/m/n/10 91
 []

[91 <./Statistical-Analysis--Prediction-of-Trail-Use-in-Bridger-Mountains_files/figure-latex/GI-globaldeviations3-1.pdf>] [92

]
Appendix A.
<Statistical-Analysis--Prediction-of-Trail-Use-in-Bridger-Mountains_files/figure-latex/AT-vis-views-1.pdf, id=1453, 465.74pt x 310.15875pt>
File: Statistical-Analysis--Prediction-of-Trail-Use-in-Bridger-Mountains_files/figure-latex/AT-vis-views-1.pdf Graphic file (type pdf)
<use Statistical-Analysis--Prediction-of-Trail-Use-in-Bridger-Mountains_files/figure-latex/AT-vis-views-1.pdf>
Package pdftex.def Info: Statistical-Analysis--Prediction-of-Trail-Use-in-Bridger-Mountains_files/figure-latex/AT-vis-views-1.pdf  used on input line 2465.
(pdftex.def)             Requested size: 465.73886pt x 310.15799pt.
<Statistical-Analysis--Prediction-of-Trail-Use-in-Bridger-Mountains_files/figure-latex/AT-vis-moving7-1.pdf, id=1455, 465.74pt x 310.15875pt>
File: Statistical-Analysis--Prediction-of-Trail-Use-in-Bridger-Mountains_files/figure-latex/AT-vis-moving7-1.pdf Graphic file (type pdf)
<use Statistical-Analysis--Prediction-of-Trail-Use-in-Bridger-Mountains_files/figure-latex/AT-vis-moving7-1.pdf>
Package pdftex.def Info: Statistical-Analysis--Prediction-of-Trail-Use-in-Bridger-Mountains_files/figure-latex/AT-vis-moving7-1.pdf  used on input line 2476.
(pdftex.def)             Requested size: 465.73886pt x 310.15799pt.
<Statistical-Analysis--Prediction-of-Trail-Use-in-Bridger-Mountains_files/figure-latex/cumulative3-1.pdf, id=1457, 451.6875pt x 315.1775pt>
File: Statistical-Analysis--Prediction-of-Trail-Use-in-Bridger-Mountains_files/figure-latex/cumulative3-1.pdf Graphic file (type pdf)
<use Statistical-Analysis--Prediction-of-Trail-Use-in-Bridger-Mountains_files/figure-latex/cumulative3-1.pdf>
Package pdftex.def Info: Statistical-Analysis--Prediction-of-Trail-Use-in-Bridger-Mountains_files/figure-latex/cumulative3-1.pdf  used on input line 2487.
(pdftex.def)             Requested size: 451.71394pt x 315.19595pt.
[93

] [94 <./Statistical-Analysis--Prediction-of-Trail-Use-in-Bridger-Mountains_files/figure-latex/AT-vis-views-1.pdf>] [95 <./Statistical-Analysis--Prediction-of-Trail-Use-in-Bridger-Mountains_files/figure-latex/AT-vis-moving7-1.pdf>]
Overfull \hbox (10.96736pt too wide) in paragraph at lines 2528--2528
[]\T1/lmtt/m/n/10 ##                                   Model df       AIC       BIC    logLik   Test   L.Ratio[] 
 []

[96 <./Statistical-Analysis--Prediction-of-Trail-Use-in-Bridger-Mountains_files/figure-latex/cumulative3-1.pdf>]
Overfull \hbox (10.96736pt too wide) in paragraph at lines 2528--2528
[]\T1/lmtt/m/n/10 ## gamm_modGI_AR1_Both_MA3$lme           2 28    7844.2    7965.9   -3894.1 1 vs 2   12532.3[] 
 []


Overfull \hbox (10.96736pt too wide) in paragraph at lines 2528--2528
[]\T1/lmtt/m/n/10 ## gamm_modGI_AR1_StravaOnly$lme         3 27 1157492.0 1157609.4 -578719.0 2 vs 3 1149649.8[] 
 []

<Statistical-Analysis--Prediction-of-Trail-Use-in-Bridger-Mountains_files/figure-latex/ATplot-compare-1.pdf, id=1528, 454.69875pt x 315.1775pt>
File: Statistical-Analysis--Prediction-of-Trail-Use-in-Bridger-Mountains_files/figure-latex/ATplot-compare-1.pdf Graphic file (type pdf)
<use Statistical-Analysis--Prediction-of-Trail-Use-in-Bridger-Mountains_files/figure-latex/ATplot-compare-1.pdf>
Package pdftex.def Info: Statistical-Analysis--Prediction-of-Trail-Use-in-Bridger-Mountains_files/figure-latex/ATplot-compare-1.pdf  used on input line 2561.
(pdftex.def)             Requested size: 454.72537pt x 315.19595pt.
[97] [98 <./Statistical-Analysis--Prediction-of-Trail-Use-in-Bridger-Mountains_files/figure-latex/ATplot-compare-1.pdf>]
Appendix B.
[99

] [100]
<Statistical-Analysis--Prediction-of-Trail-Use-in-Bridger-Mountains_files/figure-latex/tsDiag-1.pdf, id=1571, 448.67625pt x 300.12125pt>
File: Statistical-Analysis--Prediction-of-Trail-Use-in-Bridger-Mountains_files/figure-latex/tsDiag-1.pdf Graphic file (type pdf)
<use Statistical-Analysis--Prediction-of-Trail-Use-in-Bridger-Mountains_files/figure-latex/tsDiag-1.pdf>
Package pdftex.def Info: Statistical-Analysis--Prediction-of-Trail-Use-in-Bridger-Mountains_files/figure-latex/tsDiag-1.pdf  used on input line 2678.
(pdftex.def)             Requested size: 448.70938pt x 300.1434pt.
<Statistical-Analysis--Prediction-of-Trail-Use-in-Bridger-Mountains_files/figure-latex/mod-acfpacf-1.pdf, id=1572, 436.63126pt x 290.08376pt>
File: Statistical-Analysis--Prediction-of-Trail-Use-in-Bridger-Mountains_files/figure-latex/mod-acfpacf-1.pdf Graphic file (type pdf)
<use Statistical-Analysis--Prediction-of-Trail-Use-in-Bridger-Mountains_files/figure-latex/mod-acfpacf-1.pdf>
Package pdftex.def Info: Statistical-Analysis--Prediction-of-Trail-Use-in-Bridger-Mountains_files/figure-latex/mod-acfpacf-1.pdf  used on input line 2687.
(pdftex.def)             Requested size: 436.65683pt x 290.10074pt.
<Statistical-Analysis--Prediction-of-Trail-Use-in-Bridger-Mountains_files/figure-latex/mod-draw-1.pdf, id=1573, 449.68pt x 305.14pt>
File: Statistical-Analysis--Prediction-of-Trail-Use-in-Bridger-Mountains_files/figure-latex/mod-draw-1.pdf Graphic file (type pdf)
<use Statistical-Analysis--Prediction-of-Trail-Use-in-Bridger-Mountains_files/figure-latex/mod-draw-1.pdf>
Package pdftex.def Info: Statistical-Analysis--Prediction-of-Trail-Use-in-Bridger-Mountains_files/figure-latex/mod-draw-1.pdf  used on input line 2698.
(pdftex.def)             Requested size: 449.69948pt x 305.1532pt.
<Statistical-Analysis--Prediction-of-Trail-Use-in-Bridger-Mountains_files/figure-latex/mod-rootogram-1.pdf, id=1574, 464.73625pt x 315.1775pt>
File: Statistical-Analysis--Prediction-of-Trail-Use-in-Bridger-Mountains_files/figure-latex/mod-rootogram-1.pdf Graphic file (type pdf)
<use Statistical-Analysis--Prediction-of-Trail-Use-in-Bridger-Mountains_files/figure-latex/mod-rootogram-1.pdf>
Package pdftex.def Info: Statistical-Analysis--Prediction-of-Trail-Use-in-Bridger-Mountains_files/figure-latex/mod-rootogram-1.pdf  used on input line 2707.
(pdftex.def)             Requested size: 464.76346pt x 315.19595pt.
<Statistical-Analysis--Prediction-of-Trail-Use-in-Bridger-Mountains_files/figure-latex/mod-predictions-1.pdf, id=1575, 459.7175pt x 313.17pt>
File: Statistical-Analysis--Prediction-of-Trail-Use-in-Bridger-Mountains_files/figure-latex/mod-predictions-1.pdf Graphic file (type pdf)
<use Statistical-Analysis--Prediction-of-Trail-Use-in-Bridger-Mountains_files/figure-latex/mod-predictions-1.pdf>
Package pdftex.def Info: Statistical-Analysis--Prediction-of-Trail-Use-in-Bridger-Mountains_files/figure-latex/mod-predictions-1.pdf  used on input line 2716.
(pdftex.def)             Requested size: 459.7304pt x 313.17877pt.
<Statistical-Analysis--Prediction-of-Trail-Use-in-Bridger-Mountains_files/figure-latex/modelG-predict-spatial-1.pdf, id=1576, 464.73625pt x 310.15875pt>
File: Statistical-Analysis--Prediction-of-Trail-Use-in-Bridger-Mountains_files/figure-latex/modelG-predict-spatial-1.pdf Graphic file (type pdf)
<use Statistical-Analysis--Prediction-of-Trail-Use-in-Bridger-Mountains_files/figure-latex/modelG-predict-spatial-1.pdf>
Package pdftex.def Info: Statistical-Analysis--Prediction-of-Trail-Use-in-Bridger-Mountains_files/figure-latex/modelG-predict-spatial-1.pdf  used on input line 2725.
(pdftex.def)             Requested size: 464.7351pt x 310.15799pt.
<Statistical-Analysis--Prediction-of-Trail-Use-in-Bridger-Mountains_files/figure-latex/modelG-predict-spatial-2.pdf, id=1577, 468.75125pt x 310.15875pt>
File: Statistical-Analysis--Prediction-of-Trail-Use-in-Bridger-Mountains_files/figure-latex/modelG-predict-spatial-2.pdf Graphic file (type pdf)
<use Statistical-Analysis--Prediction-of-Trail-Use-in-Bridger-Mountains_files/figure-latex/modelG-predict-spatial-2.pdf>
Package pdftex.def Info: Statistical-Analysis--Prediction-of-Trail-Use-in-Bridger-Mountains_files/figure-latex/modelG-predict-spatial-2.pdf  used on input line 2733.
(pdftex.def)             Requested size: 468.75009pt x 310.15799pt.
[101] [102 <./Statistical-Analysis--Prediction-of-Trail-Use-in-Bridger-Mountains_files/figure-latex/tsDiag-1.pdf> <./Statistical-Analysis--Prediction-of-Trail-Use-in-Bridger-Mountains_files/figure-latex/mod-acfpacf-1.pdf>] [103 <./Statistical-Analysis--Prediction-of-Trail-Use-in-Bridger-Mountains_files/figure-latex/mod-draw-1.pdf>] [104 <./Statistical-Analysis--Prediction-of-Trail-Use-in-Bridger-Mountains_files/figure-latex/mod-rootogram-1.pdf>] [105 <./Statistical-Analysis--Prediction-of-Trail-Use-in-Bridger-Mountains_files/figure-latex/mod-predictions-1.pdf>] [106 <./Statistical-Analysis--Prediction-of-Trail-Use-in-Bridger-Mountains_files/figure-latex/modelG-predict-spatial-1.pdf>] [107 <./Statistical-Analysis--Prediction-of-Trail-Use-in-Bridger-Mountains_files/figure-latex/modelG-predict-spatial-2.pdf>] [108

]
Appendix C.

Overfull \hbox (94.96712pt too wide) in paragraph at lines 2760--2760
[]\T1/lmtt/m/n/10 ##   `/Users/mlbartley/Documents/Consulting/Headwaters Economics/HE-TrailUse-R/data/raw/bridger_trails_elev'[] 
 []

<../figures/NWG_insample_pred_compare.png, id=1686, 939.51pt x 614.295pt>
File: ../figures/NWG_insample_pred_compare.png Graphic file (type png)
<use ../figures/NWG_insample_pred_compare.png>
Package pdftex.def Info: ../figures/NWG_insample_pred_compare.png  used on input line 2764.
(pdftex.def)             Requested size: 472.03323pt x 308.6371pt.
File: ../figures/NWG_pred_compare.png Graphic file (type png)
<use ../figures/NWG_pred_compare.png>
Package pdftex.def Info: ../figures/NWG_pred_compare.png  used on input line 2773.
(pdftex.def)             Requested size: 472.03323pt x 308.6371pt.
(./Statistical-Analysis--Prediction-of-Trail-Use-in-Bridger-Mountains.bbl [109] [110 <../figures/NWG_insample_pred_compare.png>] [111] [112

] [113]) [114] (./Statistical-Analysis--Prediction-of-Trail-Use-in-Bridger-Mountains.aux)
Package rerunfilecheck Info: File `Statistical-Analysis--Prediction-of-Trail-Use-in-Bridger-Mountains.out' has not changed.
(rerunfilecheck)             Checksum: E9367C1A6DAD92A78EA300D2B6F60D92;7462.
 ) 
Here is how much of TeX's memory you used:
 16556 strings out of 477035
 299393 string characters out of 5827218
 635022 words of memory out of 5000000
 36950 multiletter control sequences out of 15000+600000
 563675 words of font info for 99 fonts, out of 8000000 for 9000
 14 hyphenation exceptions out of 8191
 72i,10n,79p,1677b,590s stack positions out of 10000i,1000n,20000p,200000b,200000s
{/Users/mlbartley/Library/TinyTeX/texmf-dist/fonts/enc/dvips/lm/lm-ec.enc}{/Users/mlbartley/Library/TinyTeX/texmf-dist/fonts/enc/dvips/lm/lm-ts1.enc}{/Users/mlbartley/Library/TinyTeX/texmf-dist/fonts/enc/dvips/lm/lm-mathit.enc}{/Users/mlbartley/Library/TinyTeX/texmf-dist/fonts/enc/dvips/lm/lm-rm.enc}{/Users/mlbartley/Library/TinyTeX/texmf-dist/fonts/enc/dvips/lm/lm-mathsy.enc}</Users/mlbartley/Library/TinyTeX/texmf-dist/fonts/type1/public/lm/lmbx10.pfb></Users/mlbartley/Library/TinyTeX/texmf-dist/fonts/type1/public/lm/lmbx12.pfb></Users/mlbartley/Library/TinyTeX/texmf-dist/fonts/type1/public/lm/lmmi10.pfb></Users/mlbartley/Library/TinyTeX/texmf-dist/fonts/type1/public/lm/lmmi5.pfb></Users/mlbartley/Library/TinyTeX/texmf-dist/fonts/type1/public/lm/lmmi7.pfb></Users/mlbartley/Library/TinyTeX/texmf-dist/fonts/type1/public/lm/lmr10.pfb></Users/mlbartley/Library/TinyTeX/texmf-dist/fonts/type1/public/lm/lmr12.pfb></Users/mlbartley/Library/TinyTeX/texmf-dist/fonts/type1/public/lm/lmr17.pfb></Users/mlbartley/Library/TinyTeX/texmf-dist/fonts/type1/public/lm/lmr5.pfb></Users/mlbartley/Library/TinyTeX/texmf-dist/fonts/type1/public/lm/lmr7.pfb></Users/mlbartley/Library/TinyTeX/texmf-dist/fonts/type1/public/lm/lmri10.pfb></Users/mlbartley/Library/TinyTeX/texmf-dist/fonts/type1/public/lm/lmro10.pfb></Users/mlbartley/Library/TinyTeX/texmf-dist/fonts/type1/public/lm/lmsy10.pfb></Users/mlbartley/Library/TinyTeX/texmf-dist/fonts/type1/public/lm/lmsy7.pfb></Users/mlbartley/Library/TinyTeX/texmf-dist/fonts/type1/public/lm/lmtk10.pfb></Users/mlbartley/Library/TinyTeX/texmf-dist/fonts/type1/public/lm/lmtko10.pfb></Users/mlbartley/Library/TinyTeX/texmf-dist/fonts/type1/public/lm/lmtt10.pfb></Users/mlbartley/Library/TinyTeX/texmf-dist/fonts/type1/public/lm/lmtti10.pfb>
Output written on Statistical-Analysis--Prediction-of-Trail-Use-in-Bridger-Mountains.pdf (114 pages, 18940106 bytes).
PDF statistics:
 1897 PDF objects out of 2073 (max. 8388607)
 1543 compressed objects within 16 object streams
 408 named destinations out of 1000 (max. 500000)
 623 words of extra memory for PDF output out of 10000 (max. 10000000)

